This file contains any messages produced by compilers while
running configure, to aid debugging if configure makes a mistake.

It was created by GNOME Terminal configure 2.30.2, which was
generated by GNU Autoconf 2.64.  Invocation command line was

  $ ./configure 

## --------- ##
## Platform. ##
## --------- ##

hostname = swapnil
uname -m = i686
uname -r = 2.6.32-5-686
uname -s = Linux
uname -v = #1 SMP Tue Mar 8 21:36:00 UTC 2011

/usr/bin/uname -p = unknown
/bin/uname -X     = unknown

/bin/arch              = unknown
/usr/bin/arch -k       = unknown
/usr/convex/getsysinfo = unknown
/usr/bin/hostinfo      = unknown
/bin/machine           = unknown
/usr/bin/oslevel       = unknown
/bin/universe          = unknown

PATH: /usr/local/sbin
PATH: /usr/local/bin
PATH: /usr/sbin
PATH: /usr/bin
PATH: /sbin
PATH: /bin
PATH: /usr/games/


## ----------- ##
## Core tests. ##
## ----------- ##

configure:2473: checking for a BSD-compatible install
configure:2541: result: /usr/bin/install -c
configure:2552: checking whether build environment is sane
configure:2602: result: yes
configure:2743: checking for a thread-safe mkdir -p
configure:2782: result: /bin/mkdir -p
configure:2795: checking for gawk
configure:2811: found /usr/bin/gawk
configure:2822: result: gawk
configure:2833: checking whether make sets $(MAKE)
configure:2855: result: yes
configure:2969: checking for style of include used by make
configure:2997: result: GNU
configure:3067: checking for gcc
configure:3083: found /usr/bin/gcc
configure:3094: result: gcc
configure:3323: checking for C compiler version
configure:3332: gcc --version >&5
gcc (Debian 4.4.5-8) 4.4.5
Copyright (C) 2010 Free Software Foundation, Inc.
This is free software; see the source for copying conditions.  There is NO
warranty; not even for MERCHANTABILITY or FITNESS FOR A PARTICULAR PURPOSE.

configure:3343: $? = 0
configure:3332: gcc -v >&5
Using built-in specs.
Target: i486-linux-gnu
Configured with: ../src/configure -v --with-pkgversion='Debian 4.4.5-8' --with-bugurl=file:///usr/share/doc/gcc-4.4/README.Bugs --enable-languages=c,c++,fortran,objc,obj-c++ --prefix=/usr --program-suffix=-4.4 --enable-shared --enable-multiarch --enable-linker-build-id --with-system-zlib --libexecdir=/usr/lib --without-included-gettext --enable-threads=posix --with-gxx-include-dir=/usr/include/c++/4.4 --libdir=/usr/lib --enable-nls --enable-clocale=gnu --enable-libstdcxx-debug --enable-objc-gc --enable-targets=all --with-arch-32=i586 --with-tune=generic --enable-checking=release --build=i486-linux-gnu --host=i486-linux-gnu --target=i486-linux-gnu
Thread model: posix
gcc version 4.4.5 (Debian 4.4.5-8) 
configure:3343: $? = 0
configure:3332: gcc -V >&5
gcc: '-V' option must have argument
configure:3343: $? = 1
configure:3332: gcc -qversion >&5
gcc: unrecognized option '-qversion'
gcc: no input files
configure:3343: $? = 1
configure:3365: checking for C compiler default output file name
configure:3387: gcc    conftest.c  >&5
configure:3391: $? = 0
configure:3428: result: a.out
configure:3444: checking whether the C compiler works
configure:3453: ./a.out
configure:3457: $? = 0
configure:3472: result: yes
configure:3479: checking whether we are cross compiling
configure:3481: result: no
configure:3484: checking for suffix of executables
configure:3491: gcc -o conftest    conftest.c  >&5
configure:3495: $? = 0
configure:3517: result: 
configure:3523: checking for suffix of object files
configure:3545: gcc -c   conftest.c >&5
configure:3549: $? = 0
configure:3570: result: o
configure:3574: checking whether we are using the GNU C compiler
configure:3593: gcc -c   conftest.c >&5
configure:3593: $? = 0
configure:3602: result: yes
configure:3611: checking whether gcc accepts -g
configure:3631: gcc -c -g  conftest.c >&5
configure:3631: $? = 0
configure:3672: result: yes
configure:3689: checking for gcc option to accept ISO C89
configure:3753: gcc  -c -g -O2  conftest.c >&5
configure:3753: $? = 0
configure:3766: result: none needed
configure:3788: checking dependency style of gcc
configure:3898: result: gcc3
configure:3919: checking how to run the C preprocessor
configure:3950: gcc -E  conftest.c
configure:3950: $? = 0
configure:3964: gcc -E  conftest.c
conftest.c:12:28: error: ac_nonexistent.h: No such file or directory
configure:3964: $? = 1
configure: failed program was:
| /* confdefs.h */
| #define PACKAGE_NAME "GNOME Terminal"
| #define PACKAGE_TARNAME "gnome-terminal"
| #define PACKAGE_VERSION "2.30.2"
| #define PACKAGE_STRING "GNOME Terminal 2.30.2"
| #define PACKAGE_BUGREPORT "http://bugzilla.gnome.org/enter_bug.cgi?product=gnome-terminal"
| #define PACKAGE_URL ""
| #define PACKAGE "gnome-terminal"
| #define VERSION "2.30.2"
| #define GETTEXT_PACKAGE "gnome-terminal"
| /* end confdefs.h.  */
| #include <ac_nonexistent.h>
configure:3989: result: gcc -E
configure:4009: gcc -E  conftest.c
configure:4009: $? = 0
configure:4023: gcc -E  conftest.c
conftest.c:12:28: error: ac_nonexistent.h: No such file or directory
configure:4023: $? = 1
configure: failed program was:
| /* confdefs.h */
| #define PACKAGE_NAME "GNOME Terminal"
| #define PACKAGE_TARNAME "gnome-terminal"
| #define PACKAGE_VERSION "2.30.2"
| #define PACKAGE_STRING "GNOME Terminal 2.30.2"
| #define PACKAGE_BUGREPORT "http://bugzilla.gnome.org/enter_bug.cgi?product=gnome-terminal"
| #define PACKAGE_URL ""
| #define PACKAGE "gnome-terminal"
| #define VERSION "2.30.2"
| #define GETTEXT_PACKAGE "gnome-terminal"
| /* end confdefs.h.  */
| #include <ac_nonexistent.h>
configure:4052: checking for grep that handles long lines and -e
configure:4110: result: /bin/grep
configure:4115: checking for egrep
configure:4177: result: /bin/grep -E
configure:4182: checking for ANSI C header files
configure:4202: gcc -c -g -O2  conftest.c >&5
configure:4202: $? = 0
configure:4275: gcc -o conftest -g -O2   conftest.c  >&5
configure:4275: $? = 0
configure:4275: ./conftest
configure:4275: $? = 0
configure:4286: result: yes
configure:4299: checking for sys/types.h
configure:4299: gcc -c -g -O2  conftest.c >&5
configure:4299: $? = 0
configure:4299: result: yes
configure:4299: checking for sys/stat.h
configure:4299: gcc -c -g -O2  conftest.c >&5
configure:4299: $? = 0
configure:4299: result: yes
configure:4299: checking for stdlib.h
configure:4299: gcc -c -g -O2  conftest.c >&5
configure:4299: $? = 0
configure:4299: result: yes
configure:4299: checking for string.h
configure:4299: gcc -c -g -O2  conftest.c >&5
configure:4299: $? = 0
configure:4299: result: yes
configure:4299: checking for memory.h
configure:4299: gcc -c -g -O2  conftest.c >&5
configure:4299: $? = 0
configure:4299: result: yes
configure:4299: checking for strings.h
configure:4299: gcc -c -g -O2  conftest.c >&5
configure:4299: $? = 0
configure:4299: result: yes
configure:4299: checking for inttypes.h
configure:4299: gcc -c -g -O2  conftest.c >&5
configure:4299: $? = 0
configure:4299: result: yes
configure:4299: checking for stdint.h
configure:4299: gcc -c -g -O2  conftest.c >&5
configure:4299: $? = 0
configure:4299: result: yes
configure:4299: checking for unistd.h
configure:4299: gcc -c -g -O2  conftest.c >&5
configure:4299: $? = 0
configure:4299: result: yes
configure:4312: checking whether byte ordering is bigendian
configure:4327: gcc -c -g -O2  conftest.c >&5
conftest.c:23: error: expected '=', ',', ';', 'asm' or '__attribute__' before 'a'
configure:4327: $? = 1
configure: failed program was:
| /* confdefs.h */
| #define PACKAGE_NAME "GNOME Terminal"
| #define PACKAGE_TARNAME "gnome-terminal"
| #define PACKAGE_VERSION "2.30.2"
| #define PACKAGE_STRING "GNOME Terminal 2.30.2"
| #define PACKAGE_BUGREPORT "http://bugzilla.gnome.org/enter_bug.cgi?product=gnome-terminal"
| #define PACKAGE_URL ""
| #define PACKAGE "gnome-terminal"
| #define VERSION "2.30.2"
| #define GETTEXT_PACKAGE "gnome-terminal"
| #define STDC_HEADERS 1
| #define HAVE_SYS_TYPES_H 1
| #define HAVE_SYS_STAT_H 1
| #define HAVE_STDLIB_H 1
| #define HAVE_STRING_H 1
| #define HAVE_MEMORY_H 1
| #define HAVE_STRINGS_H 1
| #define HAVE_INTTYPES_H 1
| #define HAVE_STDINT_H 1
| #define HAVE_UNISTD_H 1
| /* end confdefs.h.  */
| #ifndef __APPLE_CC__
| 	       not a universal capable compiler
| 	     #endif
| 	     typedef int dummy;
| 
configure:4372: gcc -c -g -O2  conftest.c >&5
configure:4372: $? = 0
configure:4390: gcc -c -g -O2  conftest.c >&5
conftest.c: In function 'main':
conftest.c:29: error: 'not' undeclared (first use in this function)
conftest.c:29: error: (Each undeclared identifier is reported only once
conftest.c:29: error: for each function it appears in.)
conftest.c:29: error: expected ';' before 'big'
configure:4390: $? = 1
configure: failed program was:
| /* confdefs.h */
| #define PACKAGE_NAME "GNOME Terminal"
| #define PACKAGE_TARNAME "gnome-terminal"
| #define PACKAGE_VERSION "2.30.2"
| #define PACKAGE_STRING "GNOME Terminal 2.30.2"
| #define PACKAGE_BUGREPORT "http://bugzilla.gnome.org/enter_bug.cgi?product=gnome-terminal"
| #define PACKAGE_URL ""
| #define PACKAGE "gnome-terminal"
| #define VERSION "2.30.2"
| #define GETTEXT_PACKAGE "gnome-terminal"
| #define STDC_HEADERS 1
| #define HAVE_SYS_TYPES_H 1
| #define HAVE_SYS_STAT_H 1
| #define HAVE_STDLIB_H 1
| #define HAVE_STRING_H 1
| #define HAVE_MEMORY_H 1
| #define HAVE_STRINGS_H 1
| #define HAVE_INTTYPES_H 1
| #define HAVE_STDINT_H 1
| #define HAVE_UNISTD_H 1
| /* end confdefs.h.  */
| #include <sys/types.h>
| 		#include <sys/param.h>
| 
| int
| main ()
| {
| #if BYTE_ORDER != BIG_ENDIAN
| 		 not big endian
| 		#endif
| 
|   ;
|   return 0;
| }
configure:4518: result: no
configure:4541: checking whether to disable maintainer-specific portions of Makefiles
configure:4550: result: yes
configure:4613: checking for pkg-config
configure:4631: found /usr/bin/pkg-config
configure:4643: result: /usr/bin/pkg-config
configure:4668: checking pkg-config is at least version 0.9.0
configure:4671: result: yes
configure:4728: checking for gcc
configure:4755: result: gcc
configure:4984: checking for C compiler version
configure:4993: gcc --version >&5
gcc (Debian 4.4.5-8) 4.4.5
Copyright (C) 2010 Free Software Foundation, Inc.
This is free software; see the source for copying conditions.  There is NO
warranty; not even for MERCHANTABILITY or FITNESS FOR A PARTICULAR PURPOSE.

configure:5004: $? = 0
configure:4993: gcc -v >&5
Using built-in specs.
Target: i486-linux-gnu
Configured with: ../src/configure -v --with-pkgversion='Debian 4.4.5-8' --with-bugurl=file:///usr/share/doc/gcc-4.4/README.Bugs --enable-languages=c,c++,fortran,objc,obj-c++ --prefix=/usr --program-suffix=-4.4 --enable-shared --enable-multiarch --enable-linker-build-id --with-system-zlib --libexecdir=/usr/lib --without-included-gettext --enable-threads=posix --with-gxx-include-dir=/usr/include/c++/4.4 --libdir=/usr/lib --enable-nls --enable-clocale=gnu --enable-libstdcxx-debug --enable-objc-gc --enable-targets=all --with-arch-32=i586 --with-tune=generic --enable-checking=release --build=i486-linux-gnu --host=i486-linux-gnu --target=i486-linux-gnu
Thread model: posix
gcc version 4.4.5 (Debian 4.4.5-8) 
configure:5004: $? = 0
configure:4993: gcc -V >&5
gcc: '-V' option must have argument
configure:5004: $? = 1
configure:4993: gcc -qversion >&5
gcc: unrecognized option '-qversion'
gcc: no input files
configure:5004: $? = 1
configure:5008: checking whether we are using the GNU C compiler
configure:5036: result: yes
configure:5045: checking whether gcc accepts -g
configure:5106: result: yes
configure:5123: checking for gcc option to accept ISO C89
configure:5200: result: none needed
configure:5222: checking dependency style of gcc
configure:5332: result: gcc3
configure:5347: checking for library containing strerror
configure:5378: gcc -o conftest -g -O2   conftest.c  >&5
configure:5378: $? = 0
configure:5395: result: none required
configure:5403: checking for ANSI C header files
configure:5507: result: yes
configure:5544: checking build system type
configure:5558: result: i686-pc-linux-gnu
configure:5578: checking host system type
configure:5591: result: i686-pc-linux-gnu
configure:5611: checking for a sed that does not truncate output
configure:5675: result: /bin/sed
configure:5693: checking for fgrep
configure:5755: result: /bin/grep -F
configure:5790: checking for ld used by gcc
configure:5857: result: /usr/bin/ld
configure:5864: checking if the linker (/usr/bin/ld) is GNU ld
configure:5879: result: yes
configure:5891: checking for BSD- or MS-compatible name lister (nm)
configure:5940: result: /usr/bin/nm -B
configure:6058: checking the name lister (/usr/bin/nm -B) interface
configure:6065: gcc -c -g -O2  conftest.c >&5
configure:6068: /usr/bin/nm -B "conftest.o"
configure:6071: output
00000000 B some_variable
configure:6078: result: BSD nm
configure:6081: checking whether ln -s works
configure:6085: result: yes
configure:6093: checking the maximum length of command line arguments
configure:6213: result: 1572864
configure:6230: checking whether the shell understands some XSI constructs
configure:6240: result: yes
configure:6244: checking whether the shell understands "+="
configure:6250: result: yes
configure:6285: checking for /usr/bin/ld option to reload object files
configure:6292: result: -r
configure:6319: checking how to recognize dependent libraries
configure:6509: result: pass_all
configure:6569: checking for ar
configure:6585: found /usr/bin/ar
configure:6596: result: ar
configure:6674: checking for strip
configure:6690: found /usr/bin/strip
configure:6701: result: strip
configure:6773: checking for ranlib
configure:6789: found /usr/bin/ranlib
configure:6800: result: ranlib
configure:6890: checking command to parse /usr/bin/nm -B output from gcc object
configure:7008: gcc -c -g -O2  conftest.c >&5
configure:7011: $? = 0
configure:7015: /usr/bin/nm -B conftest.o \| sed -n -e 's/^.*[	 ]\([ABCDGIRSTW][ABCDGIRSTW]*\)[	 ][	 ]*\([_A-Za-z][_A-Za-z0-9]*\)$/\1 \2 \2/p' \> conftest.nm
configure:7018: $? = 0
configure:7072: gcc -o conftest -g -O2   conftest.c conftstm.o >&5
configure:7075: $? = 0
configure:7113: result: ok
configure:7918: checking for dlfcn.h
configure:7918: gcc -c -g -O2  conftest.c >&5
configure:7918: $? = 0
configure:7918: result: yes
configure:8102: checking for objdir
configure:8117: result: .libs
configure:8409: checking if gcc supports -fno-rtti -fno-exceptions
configure:8427: gcc -c -g -O2  -fno-rtti -fno-exceptions conftest.c >&5
cc1: warning: command line option "-fno-rtti" is valid for C++/ObjC++ but not for C
configure:8431: $? = 0
configure:8444: result: no
configure:8464: checking for gcc option to produce PIC
configure:8721: result: -fPIC -DPIC
configure:8733: checking if gcc PIC flag -fPIC -DPIC works
configure:8751: gcc -c -g -O2  -fPIC -DPIC -DPIC conftest.c >&5
configure:8755: $? = 0
configure:8768: result: yes
configure:8792: checking if gcc static flag -static works
configure:8820: result: yes
configure:8835: checking if gcc supports -c -o file.o
configure:8856: gcc -c -g -O2  -o out/conftest2.o conftest.c >&5
configure:8860: $? = 0
configure:8882: result: yes
configure:8890: checking if gcc supports -c -o file.o
configure:8937: result: yes
configure:8970: checking whether the gcc linker (/usr/bin/ld) supports shared libraries
configure:9949: result: yes
configure:9986: checking whether -lc should be explicitly linked in
configure:9991: gcc -c -g -O2  conftest.c >&5
configure:9994: $? = 0
configure:10009: gcc -shared conftest.o  -v -Wl,-soname -Wl,conftest -o conftest 2\>\&1 \| /bin/grep  -lc  \>/dev/null 2\>\&1
configure:10012: $? = 0
configure:10024: result: no
configure:10188: checking dynamic linker characteristics
configure:10621: gcc -o conftest -g -O2   -Wl,-rpath -Wl,/foo conftest.c  >&5
configure:10621: $? = 0
configure:10851: result: GNU/Linux ld.so
configure:10953: checking how to hardcode library paths into programs
configure:10978: result: immediate
configure:11506: checking whether stripping libraries is possible
configure:11511: result: yes
configure:11546: checking if libtool supports shared libraries
configure:11548: result: yes
configure:11551: checking whether to build shared libraries
configure:11572: result: yes
configure:11575: checking whether to build static libraries
configure:11579: result: yes
configure:11615: checking whether NLS is requested
configure:11624: result: yes
configure:11639: checking for intltool >= 0.40.0
configure:11646: result: 0.41.1 found
configure:11654: checking for intltool-update
configure:11672: found /usr/bin/intltool-update
configure:11684: result: /usr/bin/intltool-update
configure:11694: checking for intltool-merge
configure:11712: found /usr/bin/intltool-merge
configure:11724: result: /usr/bin/intltool-merge
configure:11734: checking for intltool-extract
configure:11752: found /usr/bin/intltool-extract
configure:11764: result: /usr/bin/intltool-extract
configure:11895: checking for xgettext
configure:11913: found /usr/bin/xgettext
configure:11925: result: /usr/bin/xgettext
configure:11935: checking for msgmerge
configure:11953: found /usr/bin/msgmerge
configure:11965: result: /usr/bin/msgmerge
configure:11975: checking for msgfmt
configure:11993: found /usr/bin/msgfmt
configure:12005: result: /usr/bin/msgfmt
configure:12015: checking for gmsgfmt
configure:12046: result: /usr/bin/msgfmt
configure:12066: checking for perl
configure:12084: found /usr/bin/perl
configure:12096: result: /usr/bin/perl
configure:12107: checking for perl >= 5.8.1
configure:12114: result: 5.10.1
configure:12118: checking for XML::Parser
configure:12121: result: ok
configure:12146: gcc -o conftest -g -O2   conftest.c  >&5
configure:12146: $? = 0
configure:12232: checking whether gcc understands -Wno-sign-compare
configure:12245: gcc -c -Wall -Wmissing-prototypes -Wnested-externs -Wpointer-arith -g -O2 -Wno-sign-compare  conftest.c >&5
configure:12245: $? = 0
configure:12252: result: yes
configure:12270: checking what warning flags to pass to the C compiler
configure:12272: result: -Wall -Wmissing-prototypes -Wnested-externs -Wpointer-arith -Wno-sign-compare
configure:12283: checking what language compliance flags to pass to the C compiler
configure:12298: result: 
configure:12309: checking locale.h usability
configure:12309: gcc -c -g -O2  conftest.c >&5
configure:12309: $? = 0
configure:12309: result: yes
configure:12309: checking locale.h presence
configure:12309: gcc -E  conftest.c
configure:12309: $? = 0
configure:12309: result: yes
configure:12309: checking for locale.h
configure:12309: result: yes
configure:12320: checking for LC_MESSAGES
configure:12336: gcc -o conftest -g -O2   conftest.c  >&5
configure:12336: $? = 0
configure:12344: result: yes
configure:12361: checking libintl.h usability
configure:12361: gcc -c -g -O2  conftest.c >&5
configure:12361: $? = 0
configure:12361: result: yes
configure:12361: checking libintl.h presence
configure:12361: gcc -E  conftest.c
configure:12361: $? = 0
configure:12361: result: yes
configure:12361: checking for libintl.h
configure:12361: result: yes
configure:12369: checking for ngettext in libc
configure:12387: gcc -o conftest -g -O2   conftest.c  >&5
configure:12387: $? = 0
configure:12396: result: yes
configure:12400: checking for dgettext in libc
configure:12418: gcc -o conftest -g -O2   conftest.c  >&5
configure:12418: $? = 0
configure:12427: result: yes
configure:12434: checking for bind_textdomain_codeset
configure:12434: gcc -o conftest -g -O2   conftest.c  >&5
configure:12434: $? = 0
configure:12434: result: yes
configure:12710: checking for msgfmt
configure:12737: result: /usr/bin/msgfmt
configure:12748: checking for dcgettext
configure:12748: gcc -o conftest -g -O2   conftest.c   >&5
conftest.c:52: warning: conflicting types for built-in function 'dcgettext'
configure:12748: $? = 0
configure:12748: result: yes
configure:12758: checking if msgfmt accepts -c
configure:12773: $MSGFMT -c -o /dev/null conftest.foo
configure:12776: $? = 0
configure:12778: result: yes
configure:12788: checking for gmsgfmt
configure:12819: result: /usr/bin/msgfmt
configure:12829: checking for xgettext
configure:12856: result: /usr/bin/xgettext
configure:12875: gcc -o conftest -g -O2   conftest.c   >&5
configure:12875: $? = 0
configure:13026: checking for TERM
configure:13041: $PKG_CONFIG --exists --print-errors "vte >= $VTE_REQUIRED
   glib-2.0 >= $GLIB_REQUIRED
   gthread-2.0
   gio-2.0
   gtk+-2.0 >= $GTK_REQUIRED
   gconf-2.0 >= $GCONF_REQUIRED
   dbus-glib-1 >= $DBUS_GLIB_REQUIRED
   $PLATFORM_DEPS"
Package vte was not found in the pkg-config search path.
Perhaps you should add the directory containing `vte.pc'
to the PKG_CONFIG_PATH environment variable
No package 'vte' found
configure:13051: $? = 1
configure:13080: $PKG_CONFIG --exists --print-errors "vte >= $VTE_REQUIRED
   glib-2.0 >= $GLIB_REQUIRED
   gthread-2.0
   gio-2.0
   gtk+-2.0 >= $GTK_REQUIRED
   gconf-2.0 >= $GCONF_REQUIRED
   dbus-glib-1 >= $DBUS_GLIB_REQUIRED
   $PLATFORM_DEPS"
Package vte was not found in the pkg-config search path.
Perhaps you should add the directory containing `vte.pc'
to the PKG_CONFIG_PATH environment variable
No package 'vte' found
configure:13090: $? = 1
No package 'vte' found
configure:13156: error: Package requirements (vte >= 0.24.0
   glib-2.0 >= 2.16.0
   gthread-2.0
   gio-2.0
   gtk+-2.0 >= 2.14.0
   gconf-2.0 >= 2.14.0
   dbus-glib-1 >= 0.6
   x11) were not met:

No package 'vte' found

Consider adjusting the PKG_CONFIG_PATH environment variable if you
installed software in a non-standard prefix.

Alternatively, you may set the environment variables TERM_CFLAGS
and TERM_LIBS to avoid the need to call pkg-config.
See the pkg-config man page for more details.


## ---------------- ##
## Cache variables. ##
## ---------------- ##

ac_cv_build=i686-pc-linux-gnu
ac_cv_c_bigendian=no
ac_cv_c_compiler_gnu=yes
ac_cv_env_CC_set=
ac_cv_env_CC_value=
ac_cv_env_CFLAGS_set=
ac_cv_env_CFLAGS_value=
ac_cv_env_CPPFLAGS_set=
ac_cv_env_CPPFLAGS_value=
ac_cv_env_CPP_set=
ac_cv_env_CPP_value=
ac_cv_env_LDFLAGS_set=
ac_cv_env_LDFLAGS_value=
ac_cv_env_LIBS_set=
ac_cv_env_LIBS_value=
ac_cv_env_PKG_CONFIG_set=
ac_cv_env_PKG_CONFIG_value=
ac_cv_env_SMCLIENT_CFLAGS_set=
ac_cv_env_SMCLIENT_CFLAGS_value=
ac_cv_env_SMCLIENT_LIBS_set=
ac_cv_env_SMCLIENT_LIBS_value=
ac_cv_env_TERM_CFLAGS_set=
ac_cv_env_TERM_CFLAGS_value=
ac_cv_env_TERM_LIBS_set=
ac_cv_env_TERM_LIBS_value=
ac_cv_env_build_alias_set=
ac_cv_env_build_alias_value=
ac_cv_env_host_alias_set=
ac_cv_env_host_alias_value=
ac_cv_env_target_alias_set=
ac_cv_env_target_alias_value=
ac_cv_func_bind_textdomain_codeset=yes
ac_cv_func_dcgettext=yes
ac_cv_header_dlfcn_h=yes
ac_cv_header_inttypes_h=yes
ac_cv_header_libintl_h=yes
ac_cv_header_locale_h=yes
ac_cv_header_memory_h=yes
ac_cv_header_stdc=yes
ac_cv_header_stdint_h=yes
ac_cv_header_stdlib_h=yes
ac_cv_header_string_h=yes
ac_cv_header_strings_h=yes
ac_cv_header_sys_stat_h=yes
ac_cv_header_sys_types_h=yes
ac_cv_header_unistd_h=yes
ac_cv_host=i686-pc-linux-gnu
ac_cv_objext=o
ac_cv_path_EGREP='/bin/grep -E'
ac_cv_path_FGREP='/bin/grep -F'
ac_cv_path_GMSGFMT=/usr/bin/msgfmt
ac_cv_path_GREP=/bin/grep
ac_cv_path_INTLTOOL_EXTRACT=/usr/bin/intltool-extract
ac_cv_path_INTLTOOL_MERGE=/usr/bin/intltool-merge
ac_cv_path_INTLTOOL_PERL=/usr/bin/perl
ac_cv_path_INTLTOOL_UPDATE=/usr/bin/intltool-update
ac_cv_path_MSGFMT=/usr/bin/msgfmt
ac_cv_path_MSGMERGE=/usr/bin/msgmerge
ac_cv_path_SED=/bin/sed
ac_cv_path_XGETTEXT=/usr/bin/xgettext
ac_cv_path_ac_pt_PKG_CONFIG=/usr/bin/pkg-config
ac_cv_path_install='/usr/bin/install -c'
ac_cv_path_mkdir=/bin/mkdir
ac_cv_prog_AWK=gawk
ac_cv_prog_CPP='gcc -E'
ac_cv_prog_ac_ct_AR=ar
ac_cv_prog_ac_ct_CC=gcc
ac_cv_prog_ac_ct_RANLIB=ranlib
ac_cv_prog_ac_ct_STRIP=strip
ac_cv_prog_cc_c89=
ac_cv_prog_cc_g=yes
ac_cv_prog_make_make_set=yes
ac_cv_search_strerror='none required'
am_cv_CC_dependencies_compiler_type=gcc3
am_cv_val_LC_MESSAGES=yes
gt_cv_func_dgettext_libc=yes
gt_cv_func_dgettext_libintl=no
gt_cv_func_ngettext_libc=yes
gt_cv_have_gettext=yes
lt_cv_deplibs_check_method=pass_all
lt_cv_file_magic_cmd='$MAGIC_CMD'
lt_cv_file_magic_test_file=
lt_cv_ld_reload_flag=-r
lt_cv_nm_interface='BSD nm'
lt_cv_objdir=.libs
lt_cv_path_LD=/usr/bin/ld
lt_cv_path_NM='/usr/bin/nm -B'
lt_cv_prog_compiler_c_o=yes
lt_cv_prog_compiler_pic_works=yes
lt_cv_prog_compiler_rtti_exceptions=no
lt_cv_prog_compiler_static_works=yes
lt_cv_prog_gnu_ld=yes
lt_cv_sys_global_symbol_pipe='sed -n -e '\''s/^.*[	 ]\([ABCDGIRSTW][ABCDGIRSTW]*\)[	 ][	 ]*\([_A-Za-z][_A-Za-z0-9]*\)$/\1 \2 \2/p'\'''
lt_cv_sys_global_symbol_to_c_name_address='sed -n -e '\''s/^: \([^ ]*\) $/  {\"\1\", (void *) 0},/p'\'' -e '\''s/^[ABCDGIRSTW]* \([^ ]*\) \([^ ]*\)$/  {"\2", (void *) \&\2},/p'\'''
lt_cv_sys_global_symbol_to_c_name_address_lib_prefix='sed -n -e '\''s/^: \([^ ]*\) $/  {\"\1\", (void *) 0},/p'\'' -e '\''s/^[ABCDGIRSTW]* \([^ ]*\) \(lib[^ ]*\)$/  {"\2", (void *) \&\2},/p'\'' -e '\''s/^[ABCDGIRSTW]* \([^ ]*\) \([^ ]*\)$/  {"lib\2", (void *) \&\2},/p'\'''
lt_cv_sys_global_symbol_to_cdecl='sed -n -e '\''s/^T .* \(.*\)$/extern int \1();/p'\'' -e '\''s/^[ABCDGIRSTW]* .* \(.*\)$/extern char \1;/p'\'''
lt_cv_sys_max_cmd_len=1572864

## ----------------- ##
## Output variables. ##
## ----------------- ##

ACLOCAL='${SHELL} /home/swapnil/source_codes/gnome-terminal-2.30.2/missing --run aclocal-1.11'
ACLOCAL_AMFLAGS='${ACLOCAL_FLAGS}'
ALL_LINGUAS=''
AMDEPBACKSLASH='\'
AMDEP_FALSE='#'
AMDEP_TRUE=''
AMTAR='${SHELL} /home/swapnil/source_codes/gnome-terminal-2.30.2/missing --run tar'
AM_BACKSLASH='\'
AM_DEFAULT_VERBOSITY='1'
AR='ar'
AUTOCONF='${SHELL} /home/swapnil/source_codes/gnome-terminal-2.30.2/missing --run autoconf'
AUTOHEADER='${SHELL} /home/swapnil/source_codes/gnome-terminal-2.30.2/missing --run autoheader'
AUTOMAKE='${SHELL} /home/swapnil/source_codes/gnome-terminal-2.30.2/missing --run automake-1.11'
AWK='gawk'
CATALOGS=''
CATOBJEXT='.gmo'
CC='gcc'
CCDEPMODE='depmode=gcc3'
CFLAGS='-g -O2'
CPP='gcc -E'
CPPFLAGS=''
CYGPATH_W='echo'
DATADIRNAME='share'
DBUS_BINDING_TOOL=''
DEFS=''
DEPDIR='.deps'
DISTCHECK_CONFIGURE_FLAGS=''
DOC_USER_FORMATS=''
DSYMUTIL=''
DUMPBIN=''
ECHO_C=''
ECHO_N='-n'
ECHO_T=''
EGREP='/bin/grep -E'
ENABLE_SK_FALSE=''
ENABLE_SK_TRUE=''
EXEEXT=''
FGREP='/bin/grep -F'
GCONFTOOL=''
GCONF_SCHEMAS_INSTALL_FALSE=''
GCONF_SCHEMAS_INSTALL_TRUE=''
GCONF_SCHEMA_CONFIG_SOURCE=''
GCONF_SCHEMA_FILE_DIR=''
GETTEXT_PACKAGE='gnome-terminal'
GLIB_GENMARSHAL=''
GLIB_MKENUMS=''
GMOFILES=''
GMSGFMT='/usr/bin/msgfmt'
GREP='/bin/grep'
GTK_BUILDER_CONVERT=''
HAVE_GNOME_DOC_UTILS_FALSE=''
HAVE_GNOME_DOC_UTILS_TRUE=''
HELP_DIR=''
INSTALL_DATA='${INSTALL} -m 644'
INSTALL_PROGRAM='${INSTALL}'
INSTALL_SCRIPT='${INSTALL}'
INSTALL_STRIP_PROGRAM='$(install_sh) -c -s'
INSTOBJEXT='.mo'
INTLLIBS=''
INTLTOOL_CAVES_RULE='%.caves:     %.caves.in     $(INTLTOOL_MERGE) $(wildcard $(top_srcdir)/po/*.po) ; LC_ALL=C $(INTLTOOL_MERGE) -d -u -c $(top_builddir)/po/.intltool-merge-cache $(top_srcdir)/po $< $@'
INTLTOOL_DESKTOP_RULE='%.desktop:   %.desktop.in   $(INTLTOOL_MERGE) $(wildcard $(top_srcdir)/po/*.po) ; LC_ALL=C $(INTLTOOL_MERGE) -d -u -c $(top_builddir)/po/.intltool-merge-cache $(top_srcdir)/po $< $@'
INTLTOOL_DIRECTORY_RULE='%.directory: %.directory.in $(INTLTOOL_MERGE) $(wildcard $(top_srcdir)/po/*.po) ; LC_ALL=C $(INTLTOOL_MERGE) -d -u -c $(top_builddir)/po/.intltool-merge-cache $(top_srcdir)/po $< $@'
INTLTOOL_EXTRACT='/usr/bin/intltool-extract'
INTLTOOL_KBD_RULE='%.kbd:       %.kbd.in       $(INTLTOOL_MERGE) $(wildcard $(top_srcdir)/po/*.po) ; LC_ALL=C $(INTLTOOL_MERGE) -x -u -m -c $(top_builddir)/po/.intltool-merge-cache $(top_srcdir)/po $< $@'
INTLTOOL_KEYS_RULE='%.keys:      %.keys.in      $(INTLTOOL_MERGE) $(wildcard $(top_srcdir)/po/*.po) ; LC_ALL=C $(INTLTOOL_MERGE) -k -u -c $(top_builddir)/po/.intltool-merge-cache $(top_srcdir)/po $< $@'
INTLTOOL_MERGE='/usr/bin/intltool-merge'
INTLTOOL_OAF_RULE='%.oaf:       %.oaf.in       $(INTLTOOL_MERGE) $(wildcard $(top_srcdir)/po/*.po) ; LC_ALL=C $(INTLTOOL_MERGE) -o -p $(top_srcdir)/po $< $@'
INTLTOOL_PERL='/usr/bin/perl'
INTLTOOL_POLICY_RULE='%.policy:    %.policy.in    $(INTLTOOL_MERGE) $(wildcard $(top_srcdir)/po/*.po) ; LC_ALL=C $(INTLTOOL_MERGE) -x -u -c $(top_builddir)/po/.intltool-merge-cache $(top_srcdir)/po $< $@'
INTLTOOL_PONG_RULE='%.pong:      %.pong.in      $(INTLTOOL_MERGE) $(wildcard $(top_srcdir)/po/*.po) ; LC_ALL=C $(INTLTOOL_MERGE) -x -u -c $(top_builddir)/po/.intltool-merge-cache $(top_srcdir)/po $< $@'
INTLTOOL_PROP_RULE='%.prop:      %.prop.in      $(INTLTOOL_MERGE) $(wildcard $(top_srcdir)/po/*.po) ; LC_ALL=C $(INTLTOOL_MERGE) -d -u -c $(top_builddir)/po/.intltool-merge-cache $(top_srcdir)/po $< $@'
INTLTOOL_SCHEMAS_RULE='%.schemas:   %.schemas.in   $(INTLTOOL_MERGE) $(wildcard $(top_srcdir)/po/*.po) ; LC_ALL=C $(INTLTOOL_MERGE) -s -u -c $(top_builddir)/po/.intltool-merge-cache $(top_srcdir)/po $< $@'
INTLTOOL_SERVER_RULE='%.server:    %.server.in    $(INTLTOOL_MERGE) $(wildcard $(top_srcdir)/po/*.po) ; LC_ALL=C $(INTLTOOL_MERGE) -o -u -c $(top_builddir)/po/.intltool-merge-cache $(top_srcdir)/po $< $@'
INTLTOOL_SERVICE_RULE='%.service: %.service.in   $(INTLTOOL_MERGE) $(wildcard $(top_srcdir)/po/*.po) ; LC_ALL=C $(INTLTOOL_MERGE) -d -u -c $(top_builddir)/po/.intltool-merge-cache $(top_srcdir)/po $< $@'
INTLTOOL_SHEET_RULE='%.sheet:     %.sheet.in     $(INTLTOOL_MERGE) $(wildcard $(top_srcdir)/po/*.po) ; LC_ALL=C $(INTLTOOL_MERGE) -x -u -c $(top_builddir)/po/.intltool-merge-cache $(top_srcdir)/po $< $@'
INTLTOOL_SOUNDLIST_RULE='%.soundlist: %.soundlist.in $(INTLTOOL_MERGE) $(wildcard $(top_srcdir)/po/*.po) ; LC_ALL=C $(INTLTOOL_MERGE) -d -u -c $(top_builddir)/po/.intltool-merge-cache $(top_srcdir)/po $< $@'
INTLTOOL_THEME_RULE='%.theme:     %.theme.in     $(INTLTOOL_MERGE) $(wildcard $(top_srcdir)/po/*.po) ; LC_ALL=C $(INTLTOOL_MERGE) -d -u -c $(top_builddir)/po/.intltool-merge-cache $(top_srcdir)/po $< $@'
INTLTOOL_UI_RULE='%.ui:        %.ui.in        $(INTLTOOL_MERGE) $(wildcard $(top_srcdir)/po/*.po) ; LC_ALL=C $(INTLTOOL_MERGE) -x -u -c $(top_builddir)/po/.intltool-merge-cache $(top_srcdir)/po $< $@'
INTLTOOL_UPDATE='/usr/bin/intltool-update'
INTLTOOL_XAM_RULE='%.xam:       %.xml.in       $(INTLTOOL_MERGE) $(wildcard $(top_srcdir)/po/*.po) ; LC_ALL=C $(INTLTOOL_MERGE) -x -u -c $(top_builddir)/po/.intltool-merge-cache $(top_srcdir)/po $< $@'
INTLTOOL_XML_NOMERGE_RULE='%.xml:       %.xml.in       $(INTLTOOL_MERGE) ; LC_ALL=C $(INTLTOOL_MERGE) -x -u /tmp $< $@'
INTLTOOL_XML_RULE='%.xml:       %.xml.in       $(INTLTOOL_MERGE) $(wildcard $(top_srcdir)/po/*.po) ; LC_ALL=C $(INTLTOOL_MERGE) -x -u -c $(top_builddir)/po/.intltool-merge-cache $(top_srcdir)/po $< $@'
LD='/usr/bin/ld'
LDFLAGS=''
LIBOBJS=''
LIBS=''
LIBTOOL='$(SHELL) $(top_builddir)/libtool'
LIPO=''
LN_S='ln -s'
LTLIBOBJS=''
MAINT=''
MAINTAINER_MODE_FALSE='#'
MAINTAINER_MODE_TRUE=''
MAKEINFO='${SHELL} /home/swapnil/source_codes/gnome-terminal-2.30.2/missing --run makeinfo'
MKDIR_P='/bin/mkdir -p'
MKINSTALLDIRS='./mkinstalldirs'
MSGFMT='/usr/bin/msgfmt'
MSGFMT_OPTS='-c'
MSGMERGE='/usr/bin/msgmerge'
NM='/usr/bin/nm -B'
NMEDIT=''
OBJEXT='o'
OMF_DIR=''
OTOOL64=''
OTOOL=''
PACKAGE='gnome-terminal'
PACKAGE_BUGREPORT='http://bugzilla.gnome.org/enter_bug.cgi?product=gnome-terminal'
PACKAGE_NAME='GNOME Terminal'
PACKAGE_STRING='GNOME Terminal 2.30.2'
PACKAGE_TARNAME='gnome-terminal'
PACKAGE_URL=''
PACKAGE_VERSION='2.30.2'
PATH_SEPARATOR=':'
PKG_CONFIG='/usr/bin/pkg-config'
POFILES=''
POSUB='po'
PO_IN_DATADIR_FALSE=''
PO_IN_DATADIR_TRUE=''
RANLIB='ranlib'
SED='/bin/sed'
SET_MAKE=''
SHELL='/bin/bash'
SMCLIENT_CFLAGS=''
SMCLIENT_LIBS=''
STRIP='strip'
TERMINAL_API_VERSION=''
TERMINAL_MAJOR_VERSION=''
TERMINAL_MICRO_VERSION=''
TERMINAL_MINOR_VERSION=''
TERM_CFLAGS=''
TERM_LIBS=''
USE_NLS='yes'
VERSION='2.30.2'
WARN_CFLAGS='-Wall -Wmissing-prototypes -Wnested-externs -Wpointer-arith -Wno-sign-compare '
WITH_SMCLIENT_FALSE=''
WITH_SMCLIENT_QUARTZ_FALSE=''
WITH_SMCLIENT_QUARTZ_TRUE=''
WITH_SMCLIENT_TRUE=''
WITH_SMCLIENT_WIN32_FALSE=''
WITH_SMCLIENT_WIN32_TRUE=''
WITH_SMCLIENT_XSMP_FALSE=''
WITH_SMCLIENT_XSMP_TRUE=''
XGETTEXT='/usr/bin/xgettext'
ac_ct_CC='gcc'
ac_ct_DUMPBIN=''
am__EXEEXT_FALSE=''
am__EXEEXT_TRUE=''
am__fastdepCC_FALSE='#'
am__fastdepCC_TRUE=''
am__include='include'
am__isrc=''
am__leading_dot='.'
am__quote=''
am__tar='${AMTAR} chof - "$$tardir"'
am__untar='${AMTAR} xf -'
bindir='${exec_prefix}/bin'
build='i686-pc-linux-gnu'
build_alias=''
build_cpu='i686'
build_os='linux-gnu'
build_vendor='pc'
datadir='${datarootdir}'
datarootdir='${prefix}/share'
docdir='${datarootdir}/doc/${PACKAGE_TARNAME}'
dvidir='${docdir}'
exec_prefix='NONE'
host='i686-pc-linux-gnu'
host_alias=''
host_cpu='i686'
host_os='linux-gnu'
host_vendor='pc'
htmldir='${docdir}'
includedir='${prefix}/include'
infodir='${datarootdir}/info'
install_sh='${SHELL} /home/swapnil/source_codes/gnome-terminal-2.30.2/install-sh'
libdir='${exec_prefix}/lib'
libexecdir='${exec_prefix}/libexec'
localedir='${datarootdir}/locale'
localstatedir='${prefix}/var'
lt_ECHO='echo'
mandir='${datarootdir}/man'
mkdir_p='/bin/mkdir -p'
oldincludedir='/usr/include'
pdfdir='${docdir}'
prefix='NONE'
program_transform_name='s,x,x,'
psdir='${docdir}'
sbindir='${exec_prefix}/sbin'
sharedstatedir='${prefix}/com'
sysconfdir='${prefix}/etc'
target_alias=''

## ----------- ##
## confdefs.h. ##
## ----------- ##

/* confdefs.h */
#define PACKAGE_NAME "GNOME Terminal"
#define PACKAGE_TARNAME "gnome-terminal"
#define PACKAGE_VERSION "2.30.2"
#define PACKAGE_STRING "GNOME Terminal 2.30.2"
#define PACKAGE_BUGREPORT "http://bugzilla.gnome.org/enter_bug.cgi?product=gnome-terminal"
#define PACKAGE_URL ""
#define PACKAGE "gnome-terminal"
#define VERSION "2.30.2"
#define GETTEXT_PACKAGE "gnome-terminal"
#define STDC_HEADERS 1
#define HAVE_SYS_TYPES_H 1
#define HAVE_SYS_STAT_H 1
#define HAVE_STDLIB_H 1
#define HAVE_STRING_H 1
#define HAVE_MEMORY_H 1
#define HAVE_STRINGS_H 1
#define HAVE_INTTYPES_H 1
#define HAVE_STDINT_H 1
#define HAVE_UNISTD_H 1
#define STDC_HEADERS 1
#define HAVE_DLFCN_H 1
#define LT_OBJDIR ".libs/"
#define HAVE_LOCALE_H 1
#define HAVE_LC_MESSAGES 1
#define HAVE_BIND_TEXTDOMAIN_CODESET 1
#define HAVE_GETTEXT 1
#define HAVE_DCGETTEXT 1
#define ENABLE_NLS 1

configure: exit 1
